build/app/outputs/mapping/release/seeds.txt
com.example.notes.MainActivity
com.example.notes.MainActivity: MainActivity()
...
com.google.android.recaptcha.internal.zzks
com.google.android.gms.internal.auth-api.zbah
com.google.android.gms.internal.firebase-auth-api.zzadq
com.google.android.gms.internal.firebase-auth-api.zzahq
com.google.android.gms.internal.firebase-auth-api.zzaaf
com.google.android.gms.internal.auth.zzh
com.google.android.gms.internal.auth.zzbm
android.support.v4.media.AudioAttributesImplApi21Parcelizer
com.google.android.gms.internal.auth.zzdy
com.google.android.gms.internal.firebase-auth-api.zzbz
com.google.android.gms.internal.auth-api.zbm
com.google.android.gms.internal.firebase-auth-api.zzafw
com.google.android.gms.internal.firebase-auth-api.zzgl
com.google.android.recaptcha.internal.zzdu
com.google.android.gms.internal.firebase-auth-api.zzbq
com.google.android.recaptcha.internal.zzlz
com.google.android.gms.internal.firebase-auth-api.zzft
com.google.android.gms.common.api.internal.BasePendingResult
com.google.android.gms.internal.firebase-auth-api.zzzo
com.google.android.recaptcha.internal.zzdo
com.google.android.gms.auth.api.signin.RevocationBoundService
com.google.android.gms.internal.firebase-auth-api.zzahd
com.google.android.gms.internal.auth.zzm
com.google.android.gms.fido.fido2.api.common.GoogleThirdPartyPaymentExtension
com.google.android.gms.internal.auth.zzbf
com.google.android.gms.internal.firebase-auth-api.zzaes
com.google.android.gms.internal.auth-api.zbbf
com.google.android.gms.internal.auth.zzn
com.google.android.gms.internal.auth-api-phone.zzm
com.google.android.gms.internal.firebase-auth-api.zzee
com.google.android.material.behavior.SwipeDismissBehavior
com.google.android.recaptcha.internal.zzlj
com.google.android.gms.internal.firebase-auth-api.zzacz
com.google.android.recaptcha.internal.zzhr
com.google.android.gms.internal.firebase-auth-api.zzakf
com.google.android.gms.internal.firebase-auth-api.zzey
com.google.android.gms.internal.firebase-auth-api.zzkd
com.google.android.gms.internal.firebase-auth-api.zzsb
com.google.android.gms.internal.firebase-auth-api.zzaw
android.support.v4.media.MediaBrowserCompat$ItemReceiver
com.google.gson.internal.sql.SqlTimestampTypeAdapter$1
com.google.android.gms.auth.AccountChangeEventsRequest
com.google.android.gms.internal.firebase-auth-api.zzot
com.google.android.gms.fido.fido2.api.common.PublicKeyCredential
com.google.android.gms.internal.firebase-auth-api.zzye
com.google.android.gms.internal.auth.zzcu
com.google.android.gms.internal.firebase-auth-api.zzuc
androidx.recyclerview.widget.StaggeredGridLayoutManager$SavedState
com.google.android.material.bottomsheet.BottomSheetBehavior$SavedState
io.jsonwebtoken.lang.UnknownClassException
com.google.android.gms.internal.auth.zzcl
androidx.window.embedding.ActivityStack
com.google.android.gms.internal.firebase-auth-api.zzil
com.google.android.material.appbar.AppBarLayout
com.google.android.gms.internal.common.zzab
com.google.android.recaptcha.internal.zzeu
com.google.android.gms.internal.firebase-auth-api.zzafo
com.google.firebase.auth.AuthCredential
com.google.android.gms.internal.auth.zzda
com.google.android.gms.internal.auth.zzgy
com.google.android.recaptcha.internal.zzel
com.google.android.recaptcha.internal.zzmp
com.google.android.gms.auth.api.identity.BeginSignInRequest
androidx.fragment.app.FragmentTabHost$SavedState
com.google.android.gms.internal.auth.zzbi
com.google.android.recaptcha.internal.zzkc
com.google.android.gms.internal.firebase-auth-api.zzus
com.google.android.gms.internal.firebase-auth-api.zzdl
io.flutter.plugins.firebase.core.FlutterFirebasePluginRegistry
com.google.android.gms.internal.firebase-auth-api.zzadr
com.google.android.gms.internal.firebase-auth-api.zzzm
com.google.android.gms.internal.firebase-auth-api.zzbj
com.google.android.recaptcha.internal.zzbo
com.google.android.recaptcha.internal.zzgj
com.google.android.gms.auth.api.identity.SavePasswordRequest
com.google.android.gms.internal.firebase-auth-api.zzanb
com.google.android.gms.internal.firebase-auth-api.zzws