build/app/outputs/mapping/release/mapping.txt
# compiler: R8
# compiler_version: 3.3.70
# min_api: 21
# common_typos_disable
# {"id":"com.android.tools.r8.mapping","version":"2.0"}
# pg_map_id: d4345fd
# pg_map_hash: SHA-256 d4345fd5c0a7b049f98202435a8fcbbfbc5f5c0fc85c4bb432574e9fd74ee4b8
...
androidx.fragment.app.FragmentTransition$Callback -> androidx.fragment.app.r$g:
    void onStart(androidx.fragment.app.Fragment,androidx.core.os.CancellationSignal) -> a
    void onComplete(androidx.fragment.app.Fragment,androidx.core.os.CancellationSignal) -> b
androidx.fragment.app.FragmentTransition$FragmentContainerTransition -> androidx.fragment.app.r$h:
    androidx.fragment.app.BackStackRecord firstOutTransaction -> f
    boolean firstOutIsPop -> e
    androidx.fragment.app.Fragment lastIn -> a
    androidx.fragment.app.Fragment firstOut -> d
    boolean lastInIsPop -> b
    androidx.fragment.app.BackStackRecord lastInTransaction -> c
androidx.fragment.app.FragmentTransitionCompat21 -> androidx.fragment.app.s:
    void swapSharedElementTargets(java.lang.Object,java.util.ArrayList,java.util.ArrayList) -> A
    java.lang.Object wrapTransitionInSet(java.lang.Object) -> B
    boolean hasSimpleTarget(android.transition.Transition) -> C
    void addTarget(java.lang.Object,android.view.View) -> a
    void addTargets(java.lang.Object,java.util.ArrayList) -> b
    void beginDelayedTransition(android.view.ViewGroup,java.lang.Object) -> c
    boolean canHandle(java.lang.Object) -> e
    java.lang.Object cloneTransition(java.lang.Object) -> g
    java.lang.Object mergeTransitionsInSequence(java.lang.Object,java.lang.Object,java.lang.Object) -> m
    java.lang.Object mergeTransitionsTogether(java.lang.Object,java.lang.Object,java.lang.Object) -> n
    void removeTarget(java.lang.Object,android.view.View) -> p
    void replaceTargets(java.lang.Object,java.util.ArrayList,java.util.ArrayList) -> q
    void scheduleHideFragmentView(java.lang.Object,android.view.View,java.util.ArrayList) -> r
    void scheduleRemoveTargets(java.lang.Object,java.lang.Object,java.util.ArrayList,java.lang.Object,java.util.ArrayList,java.lang.Object,java.util.ArrayList) -> t
    void setEpicenter(java.lang.Object,android.graphics.Rect) -> u
    void setEpicenter(java.lang.Object,android.view.View) -> v
androidx.fragment.app.FragmentTransitionCompat21$1 -> androidx.fragment.app.s$a:
    androidx.fragment.app.FragmentTransitionCompat21 this$0 -> b
    android.graphics.Rect val$epicenter -> a
androidx.fragment.app.FragmentTransitionCompat21$2 -> androidx.fragment.app.s$b:
    androidx.fragment.app.FragmentTransitionCompat21 this$0 -> c
    android.view.View val$fragmentView -> a
    java.util.ArrayList val$exitingViews -> b
androidx.fragment.app.FragmentTransitionCompat21$3 -> androidx.fragment.app.s$c:
    java.lang.Object val$sharedElementTransition -> e
    java.lang.Object val$exitTransition -> c
    java.util.ArrayList val$sharedElementsIn -> f
    java.lang.Object val$enterTransition -> a
    java.util.ArrayList val$exitingViews -> d
    java.util.ArrayList val$enteringViews -> b
    androidx.fragment.app.FragmentTransitionCompat21 this$0 -> g
androidx.fragment.app.FragmentTransitionCompat21$4 -> androidx.fragment.app.s$d:
    androidx.fragment.app.FragmentTransitionCompat21 this$0 -> b
    java.lang.Runnable val$transitionCompleteRunnable -> a
androidx.fragment.app.FragmentTransitionCompat21$5 -> androidx.fragment.app.s$e:
    androidx.fragment.app.FragmentTransitionCompat21 this$0 -> b
    android.graphics.Rect val$epicenter -> a