build/app/outputs/mapping/release/usage.txt
com.example.notes.BuildConfig
com.example.notes.R$anim
com.example.notes.R$animator
com.example.notes.R$attr
com.example.notes.R$bool
com.example.notes.R$color
com.example.notes.R$dimen
com.example.notes.R$drawable
com.example.notes.R$id
com.example.notes.R$integer
com.example.notes.R$interpolator
com.example.notes.R$layout
com.example.notes.R$menu
com.example.notes.R$mipmap
com.example.notes.R$raw
com.example.notes.R$string
com.example.notes.R$style
com.example.notes.R$styleable
com.example.notes.R$xml
com.example.notes.R
...
com.google.android.material.chip.ChipDrawable$Delegate
com.google.android.material.chip.ChipDrawable
com.google.android.material.chip.ChipGroup$1
com.google.android.material.chip.ChipGroup$CheckedStateTracker
com.google.android.material.chip.ChipGroup$LayoutParams
com.google.android.material.chip.ChipGroup$OnCheckedChangeListener
com.google.android.material.chip.ChipGroup$PassThroughHierarchyChangeListener
com.google.android.material.chip.ChipGroup
com.google.android.material.circularreveal.CircularRevealCompat:
    private void <init>()
    public static android.animation.Animator createCircularReveal(com.google.android.material.circularreveal.CircularRevealWidget,float,float,float,float)
com.google.android.material.circularreveal.CircularRevealFrameLayout:
    public void <init>(android.content.Context)
    public void <init>(android.content.Context,android.util.AttributeSet)
    public void actualDraw(android.graphics.Canvas)
    public boolean actualIsOpaque()
com.google.android.material.circularreveal.CircularRevealGridLayout
com.google.android.material.circularreveal.CircularRevealHelper$Delegate
com.google.android.material.circularreveal.CircularRevealHelper$Strategy
com.google.android.material.circularreveal.CircularRevealHelper:
    public static final int BITMAP_SHADER
    public static final int CLIP_PATH
    private static final boolean DEBUG
    public static final int REVEAL_ANIMATOR
    private boolean buildingCircularRevealCache
    private android.graphics.Paint debugPaint
    private final com.google.android.material.circularreveal.CircularRevealHelper$Delegate delegate
    private boolean hasCircularRevealCache
    private android.graphics.drawable.Drawable overlayDrawable
    private com.google.android.material.circularreveal.CircularRevealWidget$RevealInfo revealInfo
    private final android.graphics.Paint revealPaint
    private final android.graphics.Path revealPath
    private final android.graphics.Paint scrimPaint
    private final android.view.View view
    public void <init>(com.google.android.material.circularreveal.CircularRevealHelper$Delegate)
    private void drawDebugCircle(android.graphics.Canvas,int,float)
    private void drawDebugMode(android.graphics.Canvas)
    private void drawOverlayDrawable(android.graphics.Canvas)
    private float getDistanceToFurthestCorner(com.google.android.material.circularreveal.CircularRevealWidget$RevealInfo)
    private void invalidateRevealInfo()
    private boolean shouldDrawCircularReveal()
    private boolean shouldDrawOverlayDrawable()
    private boolean shouldDrawScrim()
com.google.android.material.circularreveal.CircularRevealLinearLayout
com.google.android.material.circularreveal.CircularRevealRelativeLayout
com.google.android.material.circularreveal.CircularRevealWidget$RevealInfo:
    public static final float INVALID_RADIUS
    public void <init>(com.google.android.material.circularreveal.CircularRevealWidget$RevealInfo)
    public boolean isInvalid()
    public void set(com.google.android.material.circularreveal.CircularRevealWidget$RevealInfo)
com.google.android.material.circularreveal.CircularRevealWidget:
    public abstract void draw(android.graphics.Canvas)
    public abstract android.graphics.drawable.Drawable getCircularRevealOverlayDrawable()
    public abstract boolean isOpaque()
com.google.android.material.circularreveal.cardview.CircularRevealCardView:
    public void <init>(android.content.Context)
    public void <init>(android.content.Context,android.util.AttributeSet)
    public void actualDraw(android.graphics.Canvas)
    public boolean actualIsOpaque()
com.google.android.material.circularreveal.coordinatorlayout.CircularRevealCoordinatorLayout
com.google.android.material.drawable.DrawableUtils
com.google.android.material.expandable.ExpandableTransformationWidget
com.google.android.material.expandable.ExpandableWidget:
    public abstract boolean setExpanded(boolean)